{"/home/danielDev/Oberon/backend/src/repositorys/User/UserRepository.js": {"path":"/home/danielDev/Oberon/backend/src/repositorys/User/UserRepository.js","all":false,"statementMap":{"0":{"start":{"line":1,"column":0},"end":{"line":1,"column":0}},"1":{"start":{"line":2,"column":0},"end":{"line":2,"column":28}},"2":{"start":{"line":3,"column":0},"end":{"line":3,"column":35}},"3":{"start":{"line":4,"column":0},"end":{"line":4,"column":44}},"4":{"start":{"line":5,"column":0},"end":{"line":5,"column":43}},"5":{"start":{"line":6,"column":0},"end":{"line":6,"column":42}},"6":{"start":{"line":7,"column":0},"end":{"line":7,"column":0}},"7":{"start":{"line":8,"column":0},"end":{"line":8,"column":22}},"8":{"start":{"line":9,"column":0},"end":{"line":9,"column":16}},"9":{"start":{"line":10,"column":0},"end":{"line":10,"column":54}},"10":{"start":{"line":11,"column":0},"end":{"line":11,"column":3}},"11":{"start":{"line":12,"column":0},"end":{"line":12,"column":0}},"12":{"start":{"line":13,"column":0},"end":{"line":13,"column":25}},"13":{"start":{"line":14,"column":0},"end":{"line":14,"column":52}},"14":{"start":{"line":15,"column":0},"end":{"line":15,"column":38}},"15":{"start":{"line":16,"column":0},"end":{"line":16,"column":3}},"16":{"start":{"line":17,"column":0},"end":{"line":17,"column":0}},"17":{"start":{"line":18,"column":0},"end":{"line":18,"column":25}},"18":{"start":{"line":19,"column":0},"end":{"line":19,"column":63}},"19":{"start":{"line":20,"column":0},"end":{"line":20,"column":0}},"20":{"start":{"line":21,"column":0},"end":{"line":21,"column":15}},"21":{"start":{"line":22,"column":0},"end":{"line":22,"column":3}},"22":{"start":{"line":23,"column":0},"end":{"line":23,"column":0}},"23":{"start":{"line":24,"column":0},"end":{"line":24,"column":26}},"24":{"start":{"line":25,"column":0},"end":{"line":25,"column":46}},"25":{"start":{"line":26,"column":0},"end":{"line":26,"column":8}},"26":{"start":{"line":27,"column":0},"end":{"line":27,"column":0}},"27":{"start":{"line":28,"column":0},"end":{"line":28,"column":22}},"28":{"start":{"line":29,"column":0},"end":{"line":29,"column":54}},"29":{"start":{"line":30,"column":0},"end":{"line":30,"column":0}},"30":{"start":{"line":31,"column":0},"end":{"line":31,"column":24}},"31":{"start":{"line":32,"column":0},"end":{"line":32,"column":14}},"32":{"start":{"line":33,"column":0},"end":{"line":33,"column":17}},"33":{"start":{"line":34,"column":0},"end":{"line":34,"column":9}},"34":{"start":{"line":35,"column":0},"end":{"line":35,"column":8}},"35":{"start":{"line":36,"column":0},"end":{"line":36,"column":26}},"36":{"start":{"line":37,"column":0},"end":{"line":37,"column":17}},"37":{"start":{"line":38,"column":0},"end":{"line":38,"column":18}},"38":{"start":{"line":39,"column":0},"end":{"line":39,"column":9}},"39":{"start":{"line":40,"column":0},"end":{"line":40,"column":8}},"40":{"start":{"line":41,"column":0},"end":{"line":41,"column":38}},"41":{"start":{"line":42,"column":0},"end":{"line":42,"column":23}},"42":{"start":{"line":43,"column":0},"end":{"line":43,"column":7}},"43":{"start":{"line":44,"column":0},"end":{"line":44,"column":16}},"44":{"start":{"line":45,"column":0},"end":{"line":45,"column":42}},"45":{"start":{"line":46,"column":0},"end":{"line":46,"column":5}},"46":{"start":{"line":47,"column":0},"end":{"line":47,"column":3}},"47":{"start":{"line":48,"column":0},"end":{"line":48,"column":0}},"48":{"start":{"line":49,"column":0},"end":{"line":49,"column":0}},"49":{"start":{"line":50,"column":0},"end":{"line":50,"column":23}},"50":{"start":{"line":51,"column":0},"end":{"line":51,"column":8}},"51":{"start":{"line":52,"column":0},"end":{"line":52,"column":46}},"52":{"start":{"line":53,"column":0},"end":{"line":53,"column":20}},"53":{"start":{"line":54,"column":0},"end":{"line":54,"column":33}},"54":{"start":{"line":55,"column":0},"end":{"line":55,"column":7}},"55":{"start":{"line":56,"column":0},"end":{"line":56,"column":17}},"56":{"start":{"line":57,"column":0},"end":{"line":57,"column":16}},"57":{"start":{"line":58,"column":0},"end":{"line":58,"column":48}},"58":{"start":{"line":59,"column":0},"end":{"line":59,"column":5}},"59":{"start":{"line":60,"column":0},"end":{"line":60,"column":3}},"60":{"start":{"line":61,"column":0},"end":{"line":61,"column":0}},"61":{"start":{"line":62,"column":0},"end":{"line":62,"column":25}},"62":{"start":{"line":63,"column":0},"end":{"line":63,"column":8}},"63":{"start":{"line":64,"column":0},"end":{"line":64,"column":0}},"64":{"start":{"line":65,"column":0},"end":{"line":65,"column":46}},"65":{"start":{"line":66,"column":0},"end":{"line":66,"column":57}},"66":{"start":{"line":67,"column":0},"end":{"line":67,"column":0}},"67":{"start":{"line":68,"column":0},"end":{"line":68,"column":21}},"68":{"start":{"line":69,"column":0},"end":{"line":69,"column":42}},"69":{"start":{"line":70,"column":0},"end":{"line":70,"column":7}},"70":{"start":{"line":71,"column":0},"end":{"line":71,"column":17}},"71":{"start":{"line":72,"column":0},"end":{"line":72,"column":16}},"72":{"start":{"line":73,"column":0},"end":{"line":73,"column":48}},"73":{"start":{"line":74,"column":0},"end":{"line":74,"column":5}},"74":{"start":{"line":75,"column":0},"end":{"line":75,"column":3}},"75":{"start":{"line":76,"column":0},"end":{"line":76,"column":23}},"76":{"start":{"line":77,"column":0},"end":{"line":77,"column":8}},"77":{"start":{"line":78,"column":0},"end":{"line":78,"column":46}},"78":{"start":{"line":79,"column":0},"end":{"line":79,"column":0}},"79":{"start":{"line":80,"column":0},"end":{"line":80,"column":48}},"80":{"start":{"line":81,"column":0},"end":{"line":81,"column":0}},"81":{"start":{"line":82,"column":0},"end":{"line":82,"column":59}},"82":{"start":{"line":83,"column":0},"end":{"line":83,"column":0}},"83":{"start":{"line":84,"column":0},"end":{"line":84,"column":22}},"84":{"start":{"line":85,"column":0},"end":{"line":85,"column":37}},"85":{"start":{"line":86,"column":0},"end":{"line":86,"column":7}},"86":{"start":{"line":87,"column":0},"end":{"line":87,"column":28}},"87":{"start":{"line":88,"column":0},"end":{"line":88,"column":37}},"88":{"start":{"line":89,"column":0},"end":{"line":89,"column":17}},"89":{"start":{"line":90,"column":0},"end":{"line":90,"column":0}},"90":{"start":{"line":91,"column":0},"end":{"line":91,"column":16}},"91":{"start":{"line":92,"column":0},"end":{"line":92,"column":36}},"92":{"start":{"line":93,"column":0},"end":{"line":93,"column":5}},"93":{"start":{"line":94,"column":0},"end":{"line":94,"column":3}},"94":{"start":{"line":95,"column":0},"end":{"line":95,"column":29}},"95":{"start":{"line":96,"column":0},"end":{"line":96,"column":44}},"96":{"start":{"line":97,"column":0},"end":{"line":97,"column":0}},"97":{"start":{"line":98,"column":0},"end":{"line":98,"column":61}},"98":{"start":{"line":99,"column":0},"end":{"line":99,"column":0}},"99":{"start":{"line":100,"column":0},"end":{"line":100,"column":0}},"100":{"start":{"line":101,"column":0},"end":{"line":101,"column":22}},"101":{"start":{"line":102,"column":0},"end":{"line":102,"column":55}},"102":{"start":{"line":103,"column":0},"end":{"line":103,"column":6}},"103":{"start":{"line":104,"column":0},"end":{"line":104,"column":10}},"104":{"start":{"line":105,"column":0},"end":{"line":105,"column":0}},"105":{"start":{"line":106,"column":0},"end":{"line":106,"column":3}},"106":{"start":{"line":107,"column":0},"end":{"line":107,"column":1}},"107":{"start":{"line":108,"column":0},"end":{"line":108,"column":0}},"108":{"start":{"line":109,"column":0},"end":{"line":109,"column":37}}},"s":{"0":1,"1":1,"2":1,"3":1,"4":1,"5":1,"6":1,"7":1,"8":1,"9":1,"10":1,"11":1,"12":1,"13":8,"14":8,"15":8,"16":1,"17":1,"18":1,"19":1,"20":1,"21":1,"22":1,"23":1,"24":1,"25":1,"26":1,"27":1,"28":1,"29":1,"30":1,"31":1,"32":1,"33":1,"34":1,"35":1,"36":1,"37":1,"38":1,"39":1,"40":1,"41":1,"42":1,"43":1,"44":0,"45":0,"46":1,"47":1,"48":1,"49":1,"50":2,"51":2,"52":2,"53":0,"54":0,"55":2,"56":2,"57":0,"58":0,"59":2,"60":1,"61":1,"62":4,"63":4,"64":4,"65":4,"66":4,"67":4,"68":1,"69":1,"70":4,"71":4,"72":0,"73":0,"74":4,"75":1,"76":1,"77":1,"78":1,"79":1,"80":1,"81":1,"82":1,"83":1,"84":1,"85":1,"86":1,"87":1,"88":1,"89":1,"90":1,"91":1,"92":1,"93":1,"94":1,"95":1,"96":1,"97":1,"98":1,"99":1,"100":1,"101":0,"102":0,"103":1,"104":1,"105":1,"106":1,"107":1,"108":1},"branchMap":{"0":{"type":"branch","line":9,"loc":{"start":{"line":9,"column":2},"end":{"line":11,"column":3}},"locations":[{"start":{"line":9,"column":2},"end":{"line":11,"column":3}}]},"1":{"type":"branch","line":13,"loc":{"start":{"line":13,"column":22},"end":{"line":16,"column":3}},"locations":[{"start":{"line":13,"column":22},"end":{"line":16,"column":3}}]},"2":{"type":"branch","line":18,"loc":{"start":{"line":18,"column":17},"end":{"line":22,"column":3}},"locations":[{"start":{"line":18,"column":17},"end":{"line":22,"column":3}}]},"3":{"type":"branch","line":24,"loc":{"start":{"line":24,"column":18},"end":{"line":47,"column":3}},"locations":[{"start":{"line":24,"column":18},"end":{"line":47,"column":3}}]},"4":{"type":"branch","line":44,"loc":{"start":{"line":44,"column":5},"end":{"line":46,"column":5}},"locations":[{"start":{"line":44,"column":5},"end":{"line":46,"column":5}}]},"5":{"type":"branch","line":29,"loc":{"start":{"line":29,"column":22},"end":{"line":29,"column":51}},"locations":[{"start":{"line":29,"column":22},"end":{"line":29,"column":51}}]},"6":{"type":"branch","line":50,"loc":{"start":{"line":50,"column":20},"end":{"line":60,"column":3}},"locations":[{"start":{"line":50,"column":20},"end":{"line":60,"column":3}}]},"7":{"type":"branch","line":53,"loc":{"start":{"line":53,"column":19},"end":{"line":55,"column":7}},"locations":[{"start":{"line":53,"column":19},"end":{"line":55,"column":7}}]},"8":{"type":"branch","line":57,"loc":{"start":{"line":57,"column":5},"end":{"line":59,"column":5}},"locations":[{"start":{"line":57,"column":5},"end":{"line":59,"column":5}}]},"9":{"type":"branch","line":62,"loc":{"start":{"line":62,"column":19},"end":{"line":75,"column":3}},"locations":[{"start":{"line":62,"column":19},"end":{"line":75,"column":3}}]},"10":{"type":"branch","line":68,"loc":{"start":{"line":68,"column":20},"end":{"line":70,"column":7}},"locations":[{"start":{"line":68,"column":20},"end":{"line":70,"column":7}}]},"11":{"type":"branch","line":72,"loc":{"start":{"line":72,"column":5},"end":{"line":74,"column":5}},"locations":[{"start":{"line":72,"column":5},"end":{"line":74,"column":5}}]},"12":{"type":"branch","line":66,"loc":{"start":{"line":66,"column":31},"end":{"line":66,"column":57}},"locations":[{"start":{"line":66,"column":31},"end":{"line":66,"column":57}}]},"13":{"type":"branch","line":76,"loc":{"start":{"line":76,"column":17},"end":{"line":94,"column":3}},"locations":[{"start":{"line":76,"column":17},"end":{"line":94,"column":3}}]},"14":{"type":"branch","line":82,"loc":{"start":{"line":82,"column":35},"end":{"line":82,"column":59}},"locations":[{"start":{"line":82,"column":35},"end":{"line":82,"column":59}}]},"15":{"type":"branch","line":95,"loc":{"start":{"line":95,"column":22},"end":{"line":106,"column":3}},"locations":[{"start":{"line":95,"column":22},"end":{"line":106,"column":3}}]},"16":{"type":"branch","line":101,"loc":{"start":{"line":101,"column":21},"end":{"line":103,"column":6}},"locations":[{"start":{"line":101,"column":21},"end":{"line":103,"column":6}}]},"17":{"type":"branch","line":98,"loc":{"start":{"line":98,"column":34},"end":{"line":98,"column":61}},"locations":[{"start":{"line":98,"column":34},"end":{"line":98,"column":61}}]}},"b":{"0":[1],"1":[8],"2":[1],"3":[1],"4":[0],"5":[59],"6":[2],"7":[0],"8":[0],"9":[4],"10":[1],"11":[0],"12":[240],"13":[1],"14":[60],"15":[1],"16":[0],"17":[60]},"fnMap":{"0":{"name":"UserRepository","decl":{"start":{"line":9,"column":2},"end":{"line":11,"column":3}},"loc":{"start":{"line":9,"column":2},"end":{"line":11,"column":3}},"line":9},"1":{"name":"getFileAndRead","decl":{"start":{"line":13,"column":22},"end":{"line":16,"column":3}},"loc":{"start":{"line":13,"column":22},"end":{"line":16,"column":3}},"line":13},"2":{"name":"writeFile","decl":{"start":{"line":18,"column":17},"end":{"line":22,"column":3}},"loc":{"start":{"line":18,"column":17},"end":{"line":22,"column":3}},"line":18},"3":{"name":"createUser","decl":{"start":{"line":24,"column":18},"end":{"line":47,"column":3}},"loc":{"start":{"line":24,"column":18},"end":{"line":47,"column":3}},"line":24},"4":{"name":"listAllUsers","decl":{"start":{"line":50,"column":20},"end":{"line":60,"column":3}},"loc":{"start":{"line":50,"column":20},"end":{"line":60,"column":3}},"line":50},"5":{"name":"listOneUser","decl":{"start":{"line":62,"column":19},"end":{"line":75,"column":3}},"loc":{"start":{"line":62,"column":19},"end":{"line":75,"column":3}},"line":62},"6":{"name":"deleteOne","decl":{"start":{"line":76,"column":17},"end":{"line":94,"column":3}},"loc":{"start":{"line":76,"column":17},"end":{"line":94,"column":3}},"line":76},"7":{"name":"validateOfName","decl":{"start":{"line":95,"column":22},"end":{"line":106,"column":3}},"loc":{"start":{"line":95,"column":22},"end":{"line":106,"column":3}},"line":95}},"f":{"0":1,"1":8,"2":1,"3":1,"4":2,"5":4,"6":1,"7":1}}
}
